<?xml version="1.0" encoding="UTF-8"?>
<!-- Generated by org.testng.reporters.JUnitReportReporter -->
<testsuite hostname="LTB0211530s-MacBook-Air.local" failures="0" tests="2" name="com.cogmento.automation.testcases.LoginPageTest" time="1.278" errors="0" timestamp="27 May 2020 17:32:20 GMT" skipped="0">
  <testcase classname="com.cogmento.automation.testcases.LoginPageTest" name="loginPageTitleTest" time="0.545"/>
  <testcase classname="com.cogmento.automation.testcases.LoginPageTest" name="loginTest" time="0.733"/>
</testsuite> <!-- com.cogmento.automation.testcases.LoginPageTest -->
